<?xml version="1.0" encoding="UTF-8"?>
<!-- Generated by org.testng.reporters.JUnitReportReporter -->
<testsuite skipped="0" hostname="EXPNXT-TI9772" name="Issue.testcases.IssueCreation" tests="2" failures="0" timestamp="20 Oct 2019 08:44:08 GMT" time="9.076" errors="0">
  <testcase name="createIssue" time="4.035" classname="Issue.testcases.IssueCreation"/>
  <testcase name="createIssue" time="5.041" classname="Issue.testcases.IssueCreation"/>
</testsuite> <!-- Issue.testcases.IssueCreation -->
