<?xml version="1.0" encoding="UTF-8"?>
<!-- Generated by org.testng.reporters.JUnitReportReporter -->
<testsuite skipped="0" hostname="EXPNXT-TI9772" name="IssueCreation" tests="2" failures="0" timestamp="20 Oct 2019 08:29:38 GMT" time="9.561" errors="0">
  <testcase name="createIssue" time="4.717" classname="IssueCreation"/>
  <testcase name="createIssue" time="4.844" classname="IssueCreation"/>
</testsuite> <!-- IssueCreation -->
