<?xml version="1.0" encoding="UTF-8"?>
<!-- Generated by org.testng.reporters.JUnitReportReporter -->
<testsuite skipped="0" hostname="EXPNXT-TI9772" name="Issue.testcases.IssueList" tests="5" failures="0" timestamp="20 Oct 2019 08:44:08 GMT" time="7.387" errors="0">
  <testcase name="getIssuesList" time="3.511" classname="Issue.testcases.IssueList"/>
  <testcase name="getIssuesListByQuery" time="1.006" classname="Issue.testcases.IssueList"/>
  <testcase name="getIssuesListByID" time="0.992" classname="Issue.testcases.IssueList"/>
  <testcase name="getIssuesListByID" time="0.883" classname="Issue.testcases.IssueList"/>
  <testcase name="getIssuesListByQuery" time="0.995" classname="Issue.testcases.IssueList"/>
</testsuite> <!-- Issue.testcases.IssueList -->
