<?xml version="1.0" encoding="UTF-8"?>
<!-- Generated by org.testng.reporters.JUnitReportReporter -->
<testsuite skipped="0" hostname="EXPNXT-TI9772" name="Issue.testcases.IssueModification" tests="3" failures="0" timestamp="20 Oct 2019 08:44:08 GMT" time="2.799" errors="0">
  <testcase name="modifyIssueById" time="0.963" classname="Issue.testcases.IssueModification"/>
  <testcase name="modifyIssueById" time="0.981" classname="Issue.testcases.IssueModification"/>
  <testcase name="modifyIssueById" time="0.855" classname="Issue.testcases.IssueModification"/>
</testsuite> <!-- Issue.testcases.IssueModification -->
