<?xml version="1.0" encoding="UTF-8"?>
<!-- Generated by org.testng.reporters.JUnitReportReporter -->
<testsuite skipped="0" hostname="EXPNXT-TI9772" name="IssueModification" tests="3" failures="0" timestamp="20 Oct 2019 08:29:38 GMT" time="2.805" errors="0">
  <testcase name="modifyIssueById" time="0.993" classname="IssueModification"/>
  <testcase name="modifyIssueById" time="0.999" classname="IssueModification"/>
  <testcase name="modifyIssueById" time="0.813" classname="IssueModification"/>
</testsuite> <!-- IssueModification -->
