<?xml version="1.0" encoding="UTF-8"?>
<!-- Generated by org.testng.reporters.JUnitReportReporter -->
<testsuite skipped="0" hostname="EXPNXT-TI9772" name="IssueList" tests="5" failures="0" timestamp="20 Oct 2019 08:29:38 GMT" time="7.173" errors="0">
  <testcase name="getIssuesListByID" time="1.000" classname="IssueList"/>
  <testcase name="getIssuesListByID" time="0.799" classname="IssueList"/>
  <testcase name="getIssuesListByQuery" time="0.996" classname="IssueList"/>
  <testcase name="getIssuesList" time="3.379" classname="IssueList"/>
  <testcase name="getIssuesListByQuery" time="0.999" classname="IssueList"/>
</testsuite> <!-- IssueList -->
